app/build/intermediates/manifest_merge_blame_file/release/manifest-merger-blame-release-report.txt
1<?xml version="1.0" encoding="utf-8"?>
2<manifest xmlns:android="http://schemas.android.com/apk/res/android"
3    package="com.example.myapplication"
4    android:versionCode="1"
5    android:versionName="1.0" >
6
7    <uses-sdk
8        android:minSdkVersion="24"
9        android:targetSdkVersion="34" />
10
11    <uses-permission android:name="android.permission.CAMERA" />
11-->src\main\AndroidManifest.xml:5:5-65
11-->src\main\AndroidManifest.xml:5:22-62
12    <uses-permission android:name="android.permission.READ_MEDIA_IMAGES" />
12-->src\main\AndroidManifest.xml:6:5-76
12-->src\main\AndroidManifest.xml:6:22-73
13
14    <!-- Don't require camera, as this requires a rear camera. This allows it to work on the Nexus 7 -->
15    <uses-feature
15-->[com.journeyapps:zxing-android-embedded:4.3.0] AndroidManifest.xml:25:5-27:36
16        android:name="android.hardware.camera"
16-->[com.journeyapps:zxing-android-embedded:4.3.0] AndroidManifest.xml:26:9-47
17        android:required="false" />
17-->[com.journeyapps:zxing-android-embedded:4.3.0] AndroidManifest.xml:27:9-33
18    <uses-feature
18-->[com.journeyapps:zxing-android-embedded:4.3.0] AndroidManifest.xml:28:5-30:36
19        android:name="android.hardware.camera.front"
19-->[com.journeyapps:zxing-android-embedded:4.3.0] AndroidManifest.xml:29:9-53
20        android:required="false" /> <!-- TODO replace above two with next line after Android 4.2 -->
20-->[com.journeyapps:zxing-android-embedded:4.3.0] AndroidManifest.xml:30:9-33
21    <!-- <uses-feature android:name="android.hardware.camera.any"/> -->
22    <uses-feature
22-->[com.journeyapps:zxing-android-embedded:4.3.0] AndroidManifest.xml:33:5-35:36
23        android:name="android.hardware.camera.autofocus"
23-->[com.journeyapps:zxing-android-embedded:4.3.0] AndroidManifest.xml:34:9-57
24        android:required="false" />
24-->[com.journeyapps:zxing-android-embedded:4.3.0] AndroidManifest.xml:35:9-33
25    <uses-feature
25-->[com.journeyapps:zxing-android-embedded:4.3.0] AndroidManifest.xml:36:5-38:36
26        android:name="android.hardware.camera.flash"
26-->[com.journeyapps:zxing-android-embedded:4.3.0] AndroidManifest.xml:37:9-53
27        android:required="false" />
27-->[com.journeyapps:zxing-android-embedded:4.3.0] AndroidManifest.xml:38:9-33
28    <uses-feature
28-->[com.journeyapps:zxing-android-embedded:4.3.0] AndroidManifest.xml:39:5-41:36
29        android:name="android.hardware.screen.landscape"
29-->[com.journeyapps:zxing-android-embedded:4.3.0] AndroidManifest.xml:40:9-57
30        android:required="false" />
30-->[com.journeyapps:zxing-android-embedded:4.3.0] AndroidManifest.xml:41:9-33
31    <uses-feature
31-->[com.journeyapps:zxing-android-embedded:4.3.0] AndroidManifest.xml:42:5-44:36
32        android:name="android.hardware.wifi"
32-->[com.journeyapps:zxing-android-embedded:4.3.0] AndroidManifest.xml:43:9-45
33        android:required="false" />
33-->[com.journeyapps:zxing-android-embedded:4.3.0] AndroidManifest.xml:44:9-33
34
35    <permission
35-->[androidx.core:core:1.9.0] AndroidManifest.xml:22:5-24:47
36        android:name="com.example.myapplication.DYNAMIC_RECEIVER_NOT_EXPORTED_PERMISSION"
36-->[androidx.core:core:1.9.0] AndroidManifest.xml:23:9-81
37        android:protectionLevel="signature" />
37-->[androidx.core:core:1.9.0] AndroidManifest.xml:24:9-44
38
39    <uses-permission android:name="com.example.myapplication.DYNAMIC_RECEIVER_NOT_EXPORTED_PERMISSION" />
39-->[androidx.core:core:1.9.0] AndroidManifest.xml:26:5-97
39-->[androidx.core:core:1.9.0] AndroidManifest.xml:26:22-94
40
41    <application
41-->src\main\AndroidManifest.xml:8:5-104:19
42        android:allowBackup="true"
42-->src\main\AndroidManifest.xml:9:9-35
43        android:appComponentFactory="androidx.core.app.CoreComponentFactory"
43-->[androidx.core:core:1.9.0] AndroidManifest.xml:28:18-86
44        android:dataExtractionRules="@xml/data_extraction_rules"
44-->src\main\AndroidManifest.xml:10:9-65
45        android:extractNativeLibs="false"
46        android:fullBackupContent="@xml/backup_rules"
46-->src\main\AndroidManifest.xml:11:9-54
47        android:icon="@drawable/icon"
47-->src\main\AndroidManifest.xml:12:9-38
48        android:label="CheckMate"
48-->src\main\AndroidManifest.xml:13:9-34
49        android:roundIcon="@drawable/icon"
49-->src\main\AndroidManifest.xml:14:9-43
50        android:supportsRtl="true"
50-->src\main\AndroidManifest.xml:15:9-35
51        android:theme="@style/Theme.MyApplication" >
51-->src\main\AndroidManifest.xml:16:9-51
52        <activity
52-->src\main\AndroidManifest.xml:18:9-20:40
53            android:name="com.example.myapplication.AnalysisActivity"
53-->src\main\AndroidManifest.xml:19:13-45
54            android:exported="false" />
54-->src\main\AndroidManifest.xml:20:13-37
55        <activity
55-->src\main\AndroidManifest.xml:21:9-23:40
56            android:name="com.example.myapplication.Part2"
56-->src\main\AndroidManifest.xml:22:13-34
57            android:exported="false" />
57-->src\main\AndroidManifest.xml:23:13-37
58        <activity
58-->src\main\AndroidManifest.xml:24:9-26:40
59            android:name="com.example.myapplication.AnswerKeyActivity"
59-->src\main\AndroidManifest.xml:25:13-46
60            android:exported="false" />
60-->src\main\AndroidManifest.xml:26:13-37
61        <activity
61-->src\main\AndroidManifest.xml:27:9-31:58
62            android:name="com.example.myapplication.Class1"
62-->src\main\AndroidManifest.xml:28:13-35
63            android:exported="false"
63-->src\main\AndroidManifest.xml:29:13-37
64            android:label="@string/title_activity_class1"
64-->src\main\AndroidManifest.xml:30:13-58
65            android:theme="@style/Theme.MyApplication" />
65-->src\main\AndroidManifest.xml:31:13-55
66        <activity
66-->src\main\AndroidManifest.xml:32:9-34:40
67            android:name="com.example.myapplication.Class3"
67-->src\main\AndroidManifest.xml:33:13-35
68            android:exported="false" />
68-->src\main\AndroidManifest.xml:34:13-37
69        <activity
69-->src\main\AndroidManifest.xml:35:9-37:40
70            android:name="com.example.myapplication.Class2"
70-->src\main\AndroidManifest.xml:36:13-35
71            android:exported="false" />
71-->src\main\AndroidManifest.xml:37:13-37
72        <activity
72-->src\main\AndroidManifest.xml:38:9-40:40
73            android:name="com.example.myapplication.Class0"
73-->src\main\AndroidManifest.xml:39:13-35
74            android:exported="false" />
74-->src\main\AndroidManifest.xml:40:13-37
75        <activity
75-->src\main\AndroidManifest.xml:41:9-43:40
76            android:name="com.example.myapplication.DetailActivity"
76-->src\main\AndroidManifest.xml:42:13-43
77            android:exported="false" />
77-->src\main\AndroidManifest.xml:43:13-37
78        <activity
78-->src\main\AndroidManifest.xml:44:9-46:40
79            android:name="com.example.myapplication.ExamsActivity"
79-->src\main\AndroidManifest.xml:45:13-42
80            android:exported="false" />
80-->src\main\AndroidManifest.xml:46:13-37
81        <activity
81-->src\main\AndroidManifest.xml:47:9-49:40
82            android:name="com.example.myapplication.SettingsActivity"
82-->src\main\AndroidManifest.xml:48:13-45
83            android:exported="false" />
83-->src\main\AndroidManifest.xml:49:13-37
84        <activity
84-->src\main\AndroidManifest.xml:50:9-52:40
85            android:name="com.example.myapplication.AboutPage"
85-->src\main\AndroidManifest.xml:51:13-38
86            android:exported="false" />
86-->src\main\AndroidManifest.xml:52:13-37
87        <activity
87-->src\main\AndroidManifest.xml:53:9-55:40
88            android:name="com.example.myapplication.CS_601"
88-->src\main\AndroidManifest.xml:54:13-35
89            android:exported="false" />
89-->src\main\AndroidManifest.xml:55:13-37
90        <activity
90-->src\main\AndroidManifest.xml:56:9-58:40
91            android:name="com.example.myapplication.CS_602"
91-->src\main\AndroidManifest.xml:57:13-35
92            android:exported="false" />
92-->src\main\AndroidManifest.xml:58:13-37
93        <activity
93-->src\main\AndroidManifest.xml:59:9-61:40
94            android:name="com.example.myapplication.Scan"
94-->src\main\AndroidManifest.xml:60:13-33
95            android:exported="false" />
95-->src\main\AndroidManifest.xml:61:13-37
96        <activity
96-->src\main\AndroidManifest.xml:62:9-64:40
97            android:name="com.example.myapplication.pen"
97-->src\main\AndroidManifest.xml:63:13-32
98            android:exported="false" />
98-->src\main\AndroidManifest.xml:64:13-37
99        <activity
99-->src\main\AndroidManifest.xml:65:9-67:40
100            android:name="com.example.myapplication.penLogo"
100-->src\main\AndroidManifest.xml:66:13-36
101            android:exported="false" />
101-->src\main\AndroidManifest.xml:67:13-37
102        <activity
102-->src\main\AndroidManifest.xml:68:9-70:40
103            android:name="com.example.myapplication.Statistics"
103-->src\main\AndroidManifest.xml:69:13-39
104            android:exported="false" />
104-->src\main\AndroidManifest.xml:70:13-37
105        <activity
105-->src\main\AndroidManifest.xml:71:9-73:40
106            android:name="com.example.myapplication.ReturnBook"
106-->src\main\AndroidManifest.xml:72:13-39
107            android:exported="false" />
107-->src\main\AndroidManifest.xml:73:13-37
108        <activity
108-->src\main\AndroidManifest.xml:74:9-76:40
109            android:name="com.example.myapplication.IssueBook"
109-->src\main\AndroidManifest.xml:75:13-38
110            android:exported="false" />
110-->src\main\AndroidManifest.xml:76:13-37
111        <activity
111-->src\main\AndroidManifest.xml:77:9-79:40
112            android:name="com.example.myapplication.HomeActivity"
112-->src\main\AndroidManifest.xml:78:13-41
113            android:exported="false" />
113-->src\main\AndroidManifest.xml:79:13-37
114        <activity
114-->src\main\AndroidManifest.xml:80:9-84:58
115            android:name="com.example.myapplication.LoginActivity"
115-->src\main\AndroidManifest.xml:81:13-42
116            android:exported="false"
116-->src\main\AndroidManifest.xml:82:13-37
117            android:label="@string/title_activity_login"
117-->src\main\AndroidManifest.xml:83:13-57
118            android:theme="@style/Theme.MyApplication" />
118-->src\main\AndroidManifest.xml:84:13-55
119        <activity
119-->src\main\AndroidManifest.xml:85:9-87:40
120            android:name="com.example.myapplication.RegisterActivity"
120-->src\main\AndroidManifest.xml:86:13-45
121            android:exported="false" />
121-->src\main\AndroidManifest.xml:87:13-37
122        <activity
122-->src\main\AndroidManifest.xml:88:9-90:40
123            android:name="com.example.myapplication.MainActivity2"
123-->src\main\AndroidManifest.xml:89:13-42
124            android:exported="false" />
124-->src\main\AndroidManifest.xml:90:13-37
125        <activity
125-->src\main\AndroidManifest.xml:91:9-99:20
126            android:name="com.example.myapplication.MainActivity"
126-->src\main\AndroidManifest.xml:92:13-41
127            android:exported="true" >
127-->src\main\AndroidManifest.xml:93:13-36
128            <intent-filter>
128-->src\main\AndroidManifest.xml:94:13-98:29
129                <action android:name="android.intent.action.MAIN" />
129-->src\main\AndroidManifest.xml:95:17-69
129-->src\main\AndroidManifest.xml:95:25-66
130
131                <category android:name="android.intent.category.LAUNCHER" />
131-->src\main\AndroidManifest.xml:97:17-77
131-->src\main\AndroidManifest.xml:97:27-74
132            </intent-filter>
133        </activity>
134
135        <meta-data
135-->src\main\AndroidManifest.xml:101:9-103:57
136            android:name="preloaded_fonts"
136-->src\main\AndroidManifest.xml:102:13-43
137            android:resource="@array/preloaded_fonts" />
137-->src\main\AndroidManifest.xml:103:13-54
138
139        <activity
139-->[com.journeyapps:zxing-android-embedded:4.3.0] AndroidManifest.xml:47:9-53:63
140            android:name="com.journeyapps.barcodescanner.CaptureActivity"
140-->[com.journeyapps:zxing-android-embedded:4.3.0] AndroidManifest.xml:48:13-74
141            android:clearTaskOnLaunch="true"
141-->[com.journeyapps:zxing-android-embedded:4.3.0] AndroidManifest.xml:49:13-45
142            android:screenOrientation="sensorLandscape"
142-->[com.journeyapps:zxing-android-embedded:4.3.0] AndroidManifest.xml:50:13-56
143            android:stateNotNeeded="true"
143-->[com.journeyapps:zxing-android-embedded:4.3.0] AndroidManifest.xml:51:13-42
144            android:theme="@style/zxing_CaptureTheme"
144-->[com.journeyapps:zxing-android-embedded:4.3.0] AndroidManifest.xml:52:13-54
145            android:windowSoftInputMode="stateAlwaysHidden" />
145-->[com.journeyapps:zxing-android-embedded:4.3.0] AndroidManifest.xml:53:13-60
146
147        <provider
147-->[androidx.emoji2:emoji2:1.2.0] AndroidManifest.xml:24:9-32:20
148            android:name="androidx.startup.InitializationProvider"
148-->[androidx.emoji2:emoji2:1.2.0] AndroidManifest.xml:25:13-67
149            android:authorities="com.example.myapplication.androidx-startup"
149-->[androidx.emoji2:emoji2:1.2.0] AndroidManifest.xml:26:13-68
150            android:exported="false" >
150-->[androidx.emoji2:emoji2:1.2.0] AndroidManifest.xml:27:13-37
151            <meta-data
151-->[androidx.emoji2:emoji2:1.2.0] AndroidManifest.xml:29:13-31:52
152                android:name="androidx.emoji2.text.EmojiCompatInitializer"
152-->[androidx.emoji2:emoji2:1.2.0] AndroidManifest.xml:30:17-75
153                android:value="androidx.startup" />
153-->[androidx.emoji2:emoji2:1.2.0] AndroidManifest.xml:31:17-49
154            <meta-data
154-->[androidx.lifecycle:lifecycle-process:2.6.2] AndroidManifest.xml:29:13-31:52
155                android:name="androidx.lifecycle.ProcessLifecycleInitializer"
155-->[androidx.lifecycle:lifecycle-process:2.6.2] AndroidManifest.xml:30:17-78
156                android:value="androidx.startup" />
156-->[androidx.lifecycle:lifecycle-process:2.6.2] AndroidManifest.xml:31:17-49
157            <meta-data
157-->[androidx.profileinstaller:profileinstaller:1.3.0] AndroidManifest.xml:29:13-31:52
158                android:name="androidx.profileinstaller.ProfileInstallerInitializer"
158-->[androidx.profileinstaller:profileinstaller:1.3.0] AndroidManifest.xml:30:17-85
159                android:value="androidx.startup" />
159-->[androidx.profileinstaller:profileinstaller:1.3.0] AndroidManifest.xml:31:17-49
160        </provider>
161
162        <activity
162-->[com.google.android.gms:play-services-base:17.0.0] AndroidManifest.xml:23:9-26:75
163            android:name="com.google.android.gms.common.api.GoogleApiActivity"
163-->[com.google.android.gms:play-services-base:17.0.0] AndroidManifest.xml:24:13-79
164            android:exported="false"
164-->[com.google.android.gms:play-services-base:17.0.0] AndroidManifest.xml:25:13-37
165            android:theme="@android:style/Theme.Translucent.NoTitleBar" />
165-->[com.google.android.gms:play-services-base:17.0.0] AndroidManifest.xml:26:13-72
166
167        <meta-data
167-->[com.google.android.gms:play-services-basement:17.0.0] AndroidManifest.xml:23:9-25:69
168            android:name="com.google.android.gms.version"
168-->[com.google.android.gms:play-services-basement:17.0.0] AndroidManifest.xml:24:13-58
169            android:value="@integer/google_play_services_version" />
169-->[com.google.android.gms:play-services-basement:17.0.0] AndroidManifest.xml:25:13-66
170
171        <uses-library
171-->[androidx.window:window:1.0.0] AndroidManifest.xml:25:9-27:40
172            android:name="androidx.window.extensions"
172-->[androidx.window:window:1.0.0] AndroidManifest.xml:26:13-54
173            android:required="false" />
173-->[androidx.window:window:1.0.0] AndroidManifest.xml:27:13-37
174        <uses-library
174-->[androidx.window:window:1.0.0] AndroidManifest.xml:28:9-30:40
175            android:name="androidx.window.sidecar"
175-->[androidx.window:window:1.0.0] AndroidManifest.xml:29:13-51
176            android:required="false" />
176-->[androidx.window:window:1.0.0] AndroidManifest.xml:30:13-37
177
178        <receiver
178-->[androidx.profileinstaller:profileinstaller:1.3.0] AndroidManifest.xml:34:9-52:20
179            android:name="androidx.profileinstaller.ProfileInstallReceiver"
179-->[androidx.profileinstaller:profileinstaller:1.3.0] AndroidManifest.xml:35:13-76
180            android:directBootAware="false"
180-->[androidx.profileinstaller:profileinstaller:1.3.0] AndroidManifest.xml:36:13-44
181            android:enabled="true"
181-->[androidx.profileinstaller:profileinstaller:1.3.0] AndroidManifest.xml:37:13-35
182            android:exported="true"
182-->[androidx.profileinstaller:profileinstaller:1.3.0] AndroidManifest.xml:38:13-36
183            android:permission="android.permission.DUMP" >
183-->[androidx.profileinstaller:profileinstaller:1.3.0] AndroidManifest.xml:39:13-57
184            <intent-filter>
184-->[androidx.profileinstaller:profileinstaller:1.3.0] AndroidManifest.xml:40:13-42:29
185                <action android:name="androidx.profileinstaller.action.INSTALL_PROFILE" />
185-->[androidx.profileinstaller:profileinstaller:1.3.0] AndroidManifest.xml:41:17-91
185-->[androidx.profileinstaller:profileinstaller:1.3.0] AndroidManifest.xml:41:25-88
186            </intent-filter>
187            <intent-filter>
187-->[androidx.profileinstaller:profileinstaller:1.3.0] AndroidManifest.xml:43:13-45:29
188                <action android:name="androidx.profileinstaller.action.SKIP_FILE" />
188-->[androidx.profileinstaller:profileinstaller:1.3.0] AndroidManifest.xml:44:17-85
188-->[androidx.profileinstaller:profileinstaller:1.3.0] AndroidManifest.xml:44:25-82
189            </intent-filter>
190            <intent-filter>
190-->[androidx.profileinstaller:profileinstaller:1.3.0] AndroidManifest.xml:46:13-48:29
191                <action android:name="androidx.profileinstaller.action.SAVE_PROFILE" />
191-->[androidx.profileinstaller:profileinstaller:1.3.0] AndroidManifest.xml:47:17-88
191-->[androidx.profileinstaller:profileinstaller:1.3.0] AndroidManifest.xml:47:25-85
192            </intent-filter>
193            <intent-filter>
193-->[androidx.profileinstaller:profileinstaller:1.3.0] AndroidManifest.xml:49:13-51:29
194                <action android:name="androidx.profileinstaller.action.BENCHMARK_OPERATION" />
194-->[androidx.profileinstaller:profileinstaller:1.3.0] AndroidManifest.xml:50:17-95
194-->[androidx.profileinstaller:profileinstaller:1.3.0] AndroidManifest.xml:50:25-92
195            </intent-filter>
196        </receiver>
197    </application>
198
199</manifest>